#
# There is insufficient memory for the Java Runtime Environment to continue.
# Native memory allocation (malloc) failed to allocate 495936 bytes for Chunk::new
# Possible reasons:
#   The system is out of physical RAM or swap space
#   The process is running with CompressedOops enabled, and the Java Heap may be blocking the growth of the native heap
# Possible solutions:
#   Reduce memory load on the system
#   Increase physical memory or swap space
#   Check if swap backing store is full
#   Decrease Java heap size (-Xmx/-Xms)
#   Decrease number of Java threads
#   Decrease Java thread stack sizes (-Xss)
#   Set larger code cache with -XX:ReservedCodeCacheSize=
#   JVM is running with Unscaled Compressed Oops mode in which the Java heap is
#     placed in the first 4GB address space. The Java Heap base address is the
#     maximum limit for the native heap growth. Please use -XX:HeapBaseMinAddress
#     to set the Java Heap base and to place the Java Heap above 4GB virtual address.
# This output file may be truncated or incomplete.
#
#  Out of Memory Error (allocation.cpp:389), pid=14592, tid=0x00000000000004f8
#
# JRE version: OpenJDK Runtime Environment (8.0_242-b01) (build 1.8.0_242-release-1644-b01)
# Java VM: OpenJDK 64-Bit Server VM (25.242-b01 mixed mode windows-amd64 compressed oops)
# Failed to write core dump. Minidumps are not enabled by default on client versions of Windows
#

---------------  T H R E A D  ---------------

Current thread (0x0000000018254000):  JavaThread "C2 CompilerThread2" daemon [_thread_in_native, id=1272, stack(0x0000000018d10000,0x0000000018e10000)]

Stack: [0x0000000018d10000,0x0000000018e10000]
[error occurred during error reporting (printing stack bounds), id 0xc0000005]

Native frames: (J=compiled Java code, j=interpreted, Vv=VM code, C=native code)


Current CompileTask:
C2:2991618 18855       4       org.gradle.launcher.daemon.server.health.gc.GarbageCollectionCheck::run (198 bytes)


---------------  P R O C E S S  ---------------

Java Threads: ( => current thread )
  0x000000001fe57000 JavaThread "stdout" [_thread_in_native, id=3520, stack(0x0000000035b00000,0x0000000035c00000)]
  0x000000001fe4f800 JavaThread "stdout" [_thread_in_native, id=3452, stack(0x0000000035a00000,0x0000000035b00000)]
  0x000000001fe56800 JavaThread "stderr" [_thread_in_native, id=8304, stack(0x0000000035900000,0x0000000035a00000)]
  0x000000001fe4f000 JavaThread "stderr" [_thread_in_native, id=14616, stack(0x0000000035800000,0x0000000035900000)]
  0x000000001fe53800 JavaThread "stdout" [_thread_in_native, id=3984, stack(0x0000000035700000,0x0000000035800000)]
  0x000000001fe55800 JavaThread "stderr" [_thread_in_native, id=3140, stack(0x0000000035600000,0x0000000035700000)]
  0x000000001fe55000 JavaThread "stdout" [_thread_in_native, id=9072, stack(0x0000000035500000,0x0000000035600000)]
  0x000000001fe51000 JavaThread "stderr" [_thread_in_native, id=2232, stack(0x0000000035400000,0x0000000035500000)]
  0x000000001fe52800 JavaThread "stdout" [_thread_in_native, id=13496, stack(0x0000000035300000,0x0000000035400000)]
  0x000000001fe54000 JavaThread "stdout" [_thread_in_native, id=3580, stack(0x0000000035200000,0x0000000035300000)]
  0x000000001fe50800 JavaThread "stderr" [_thread_in_native, id=1664, stack(0x0000000035100000,0x0000000035200000)]
  0x000000001fe52000 JavaThread "stdout" [_thread_in_native, id=3132, stack(0x0000000035000000,0x0000000035100000)]
  0x000000001fb76800 JavaThread "stderr" [_thread_in_native, id=11616, stack(0x0000000034f00000,0x0000000035000000)]
  0x000000001e2c5000 JavaThread "stdout" [_thread_in_native, id=13148, stack(0x0000000034e00000,0x0000000034f00000)]
  0x000000001e2c4800 JavaThread "stderr" [_thread_in_native, id=14576, stack(0x0000000034d00000,0x0000000034e00000)]
  0x000000001e2c3800 JavaThread "stderr" [_thread_in_native, id=8164, stack(0x0000000034c00000,0x0000000034d00000)]
  0x000000001e2bf000 JavaThread "pool-6-thread-1" [_thread_blocked, id=13468, stack(0x00000000349b0000,0x0000000034ab0000)]
  0x000000001e2c3000 JavaThread "MarlinRenderer Disposer" daemon [_thread_blocked, id=1508, stack(0x0000000034590000,0x0000000034690000)]
  0x000000001e2c0800 JavaThread "Java2D Disposer" daemon [_thread_blocked, id=2884, stack(0x00000000346b0000,0x00000000347b0000)]
  0x000000001e2bd800 JavaThread "WorkerExecutor Queue Thread 8" [_thread_blocked, id=11120, stack(0x0000000033f90000,0x0000000034090000)]
  0x000000001e2bc800 JavaThread "WorkerExecutor Queue Thread 7" [_thread_blocked, id=808, stack(0x0000000033e90000,0x0000000033f90000)]
  0x000000001e2b6000 JavaThread "WorkerExecutor Queue Thread 6" [_thread_blocked, id=14932, stack(0x0000000033d90000,0x0000000033e90000)]
  0x000000001e2bc000 JavaThread "WorkerExecutor Queue Thread 5" [_thread_blocked, id=12644, stack(0x0000000032900000,0x0000000032a00000)]
  0x000000001e2bb000 JavaThread "WorkerExecutor Queue Thread 4" [_thread_blocked, id=2956, stack(0x0000000032800000,0x0000000032900000)]
  0x000000001e2ba800 JavaThread "WorkerExecutor Queue Thread 3" [_thread_blocked, id=10460, stack(0x0000000032700000,0x0000000032800000)]
  0x000000001e2b9800 JavaThread "WorkerExecutor Queue Thread 2" [_thread_blocked, id=11668, stack(0x0000000032600000,0x0000000032700000)]
  0x000000001e2b9000 JavaThread "WorkerExecutor Queue" [_thread_blocked, id=7532, stack(0x0000000033c90000,0x0000000033d90000)]
  0x000000001e2b7800 JavaThread "Cache worker for execution history cache (D:\Project Aplikasi\ProjectBerjalan\Mobile\sarpolrescilacap\.gradle\6.5\executionHistory)" [_thread_blocked, id=14488, stack(0x0000000032300000,0x0000000032400000)]
  0x000000001d963800 JavaThread "Execution worker for ':' Thread 7" [_thread_blocked, id=14304, stack(0x0000000032200000,0x0000000032300000)]
  0x000000001d962000 JavaThread "Execution worker for ':' Thread 6" [_thread_blocked, id=11164, stack(0x0000000032100000,0x0000000032200000)]
  0x000000001d961000 JavaThread "Execution worker for ':' Thread 5" [_thread_blocked, id=9188, stack(0x0000000032000000,0x0000000032100000)]
  0x000000001d967000 JavaThread "Execution worker for ':' Thread 4" [_thread_blocked, id=9980, stack(0x0000000031f00000,0x0000000032000000)]
  0x000000001d962800 JavaThread "Execution worker for ':' Thread 3" [_thread_blocked, id=6016, stack(0x0000000031e00000,0x0000000031f00000)]
  0x000000001d966800 JavaThread "Execution worker for ':' Thread 2" [_thread_in_Java, id=11840, stack(0x0000000031d00000,0x0000000031e00000)]
  0x000000001d965000 JavaThread "Execution worker for ':'" [_thread_blocked, id=14232, stack(0x000000002f9c0000,0x000000002fac0000)]
  0x000000001d965800 JavaThread "Cache worker for file content cache (D:\Project Aplikasi\ProjectBerjalan\Mobile\sarpolrescilacap\.gradle\6.5\fileContent)" [_thread_blocked, id=1520, stack(0x000000002f5d0000,0x000000002f6d0000)]
  0x000000001d95f800 JavaThread "jar transforms Thread 280" [_thread_blocked, id=14588, stack(0x000000002efe0000,0x000000002f0e0000)]
  0x000000001d960800 JavaThread "jar transforms Thread 279" [_thread_blocked, id=2220, stack(0x000000002dd00000,0x000000002de00000)]
  0x000000001d958000 JavaThread "jar transforms Thread 278" [_thread_blocked, id=13732, stack(0x000000002d940000,0x000000002da40000)]
  0x000000001d95d800 JavaThread "jar transforms Thread 277" [_thread_blocked, id=14568, stack(0x000000002d3e0000,0x000000002d4e0000)]
  0x000000001d95c000 JavaThread "jar transforms Thread 276" [_thread_blocked, id=13304, stack(0x0000000029020000,0x0000000029120000)]
  0x000000001d95a800 JavaThread "jar transforms Thread 275" [_thread_blocked, id=9628, stack(0x0000000028f20000,0x0000000029020000)]
  0x000000001d95c800 JavaThread "jar transforms Thread 274" [_thread_blocked, id=12132, stack(0x0000000028e20000,0x0000000028f20000)]
  0x000000001d95b000 JavaThread "jar transforms Thread 273" [_thread_blocked, id=8792, stack(0x0000000028d20000,0x0000000028e20000)]
  0x000000001d95e000 JavaThread "jar transforms Thread 272" [_thread_blocked, id=9000, stack(0x0000000028c20000,0x0000000028d20000)]
  0x000000001d959000 JavaThread "jar transforms Thread 271" [_thread_blocked, id=1212, stack(0x0000000028b20000,0x0000000028c20000)]
  0x000000001d95f000 JavaThread "jar transforms Thread 270" [_thread_blocked, id=4644, stack(0x0000000028a20000,0x0000000028b20000)]
  0x000000001d959800 JavaThread "jar transforms Thread 269" [_thread_blocked, id=15180, stack(0x0000000028920000,0x0000000028a20000)]
  0x000000002389f000 JavaThread "jar transforms Thread 268" [_thread_blocked, id=14352, stack(0x0000000028820000,0x0000000028920000)]
  0x000000002389e800 JavaThread "jar transforms Thread 267" [_thread_blocked, id=14640, stack(0x0000000028720000,0x0000000028820000)]
  0x000000002389d800 JavaThread "jar transforms Thread 266" [_thread_blocked, id=11268, stack(0x0000000028620000,0x0000000028720000)]
  0x00000000238a1800 JavaThread "jar transforms Thread 265" [_thread_blocked, id=5452, stack(0x0000000028520000,0x0000000028620000)]
  0x000000002389d000 JavaThread "jar transforms Thread 264" [_thread_blocked, id=4980, stack(0x0000000028420000,0x0000000028520000)]
  0x00000000238a0800 JavaThread "jar transforms Thread 263" [_thread_blocked, id=5684, stack(0x0000000028320000,0x0000000028420000)]
  0x00000000238a0000 JavaThread "jar transforms Thread 262" [_thread_blocked, id=11808, stack(0x0000000028220000,0x0000000028320000)]
  0x0000000023895800 JavaThread "jar transforms Thread 261" [_thread_blocked, id=3504, stack(0x0000000028120000,0x0000000028220000)]
  0x000000002389c000 JavaThread "jar transforms Thread 260" [_thread_blocked, id=15252, stack(0x0000000028020000,0x0000000028120000)]
  0x000000002389b800 JavaThread "jar transforms Thread 259" [_thread_blocked, id=14332, stack(0x0000000027f20000,0x0000000028020000)]
  0x000000002389a800 JavaThread "jar transforms Thread 258" [_thread_blocked, id=11884, stack(0x0000000027e20000,0x0000000027f20000)]
  0x0000000023897800 JavaThread "jar transforms Thread 257" [_thread_blocked, id=12972, stack(0x0000000027d20000,0x0000000027e20000)]
  0x000000002389a000 JavaThread "jar transforms Thread 256" [_thread_blocked, id=9180, stack(0x0000000027c20000,0x0000000027d20000)]
  0x0000000023899000 JavaThread "jar transforms Thread 255" [_thread_blocked, id=10292, stack(0x0000000027b20000,0x0000000027c20000)]
  0x0000000023892800 JavaThread "jar transforms Thread 254" [_thread_blocked, id=4300, stack(0x0000000027a20000,0x0000000027b20000)]
  0x0000000023898800 JavaThread "jar transforms Thread 253" [_thread_blocked, id=5600, stack(0x0000000027920000,0x0000000027a20000)]
  0x0000000023894800 JavaThread "jar transforms Thread 252" [_thread_blocked, id=8744, stack(0x0000000027820000,0x0000000027920000)]
  0x0000000023894000 JavaThread "jar transforms Thread 251" [_thread_blocked, id=13836, stack(0x0000000027720000,0x0000000027820000)]
  0x0000000023896000 JavaThread "jar transforms Thread 250" [_thread_blocked, id=8996, stack(0x0000000027620000,0x0000000027720000)]
  0x0000000023893000 JavaThread "jar transforms Thread 249" [_thread_blocked, id=7992, stack(0x0000000027520000,0x0000000027620000)]
  0x0000000023897000 JavaThread "jar transforms Thread 248" [_thread_blocked, id=11156, stack(0x0000000027420000,0x0000000027520000)]
  0x000000001ad86800 JavaThread "jar transforms Thread 247" [_thread_blocked, id=14196, stack(0x0000000027320000,0x0000000027420000)]
  0x000000001ad88000 JavaThread "jar transforms Thread 246" [_thread_blocked, id=7948, stack(0x0000000027220000,0x0000000027320000)]
  0x000000001ad87000 JavaThread "jar transforms Thread 245" [_thread_blocked, id=5900, stack(0x0000000027120000,0x0000000027220000)]
  0x000000001ad82000 JavaThread "jar transforms Thread 244" [_thread_blocked, id=10640, stack(0x0000000027020000,0x0000000027120000)]
  0x000000001ad84000 JavaThread "jar transforms Thread 243" [_thread_blocked, id=6928, stack(0x0000000026f20000,0x0000000027020000)]
  0x000000001ad85800 JavaThread "jar transforms Thread 242" [_thread_blocked, id=13248, stack(0x0000000026e20000,0x0000000026f20000)]
  0x000000001ad81000 JavaThread "jar transforms Thread 241" [_thread_blocked, id=11312, stack(0x0000000026d20000,0x0000000026e20000)]
  0x000000001ad82800 JavaThread "jar transforms Thread 240" [_thread_blocked, id=7416, stack(0x0000000026c20000,0x0000000026d20000)]
  0x0000000019b66000 JavaThread "jar transforms Thread 239" [_thread_blocked, id=8916, stack(0x0000000026b20000,0x0000000026c20000)]
  0x0000000019b64800 JavaThread "jar transforms Thread 238" [_thread_blocked, id=11940, stack(0x0000000026a20000,0x0000000026b20000)]
  0x0000000019b63800 JavaThread "jar transforms Thread 237" [_thread_blocked, id=12720, stack(0x0000000026920000,0x0000000026a20000)]
  0x0000000019b63000 JavaThread "jar transforms Thread 236" [_thread_blocked, id=4744, stack(0x0000000026820000,0x0000000026920000)]
  0x0000000019b65000 JavaThread "jar transforms Thread 235" [_thread_blocked, id=10668, stack(0x0000000026720000,0x0000000026820000)]
  0x0000000019b5b800 JavaThread "jar transforms Thread 234" [_thread_blocked, id=9972, stack(0x0000000026620000,0x0000000026720000)]
  0x0000000019b5f000 JavaThread "jar transforms Thread 233" [_thread_blocked, id=1904, stack(0x0000000026520000,0x0000000026620000)]
  0x0000000019b5e800 JavaThread "jar transforms Thread 232" [_thread_blocked, id=12660, stack(0x0000000026420000,0x0000000026520000)]
  0x0000000019b62000 JavaThread "jar transforms Thread 231" [_thread_blocked, id=12420, stack(0x0000000026320000,0x0000000026420000)]
  0x0000000019b61800 JavaThread "jar transforms Thread 230" [_thread_blocked, id=1852, stack(0x0000000026220000,0x0000000026320000)]
  0x0000000019b60800 JavaThread "jar transforms Thread 229" [_thread_blocked, id=8440, stack(0x0000000026120000,0x0000000026220000)]
  0x0000000019b60000 JavaThread "jar transforms Thread 228" [_thread_blocked, id=13292, stack(0x0000000026020000,0x0000000026120000)]
  0x0000000019b57000 JavaThread "jar transforms Thread 227" [_thread_blocked, id=15216, stack(0x0000000025f20000,0x0000000026020000)]
  0x0000000019b59000 JavaThread "jar transforms Thread 226" [_thread_blocked, id=10904, stack(0x0000000025e20000,0x0000000025f20000)]
  0x0000000019b5d800 JavaThread "jar transforms Thread 225" [_thread_blocked, id=15056, stack(0x0000000025d20000,0x0000000025e20000)]
  0x0000000019b5d000 JavaThread "jar transforms Thread 224" [_thread_blocked, id=13004, stack(0x0000000025c20000,0x0000000025d20000)]
  0x0000000019b5a800 JavaThread "jar transforms Thread 223" [_thread_blocked, id=11396, stack(0x0000000025b20000,0x0000000025c20000)]
  0x000000002040f000 JavaThread "jar transforms Thread 222" [_thread_blocked, id=3176, stack(0x0000000025a20000,0x0000000025b20000)]
  0x000000002040d800 JavaThread "jar transforms Thread 221" [_thread_blocked, id=8992, stack(0x0000000025920000,0x0000000025a20000)]
  0x000000002040d000 JavaThread "jar transforms Thread 220" [_thread_blocked, id=3184, stack(0x0000000025820000,0x0000000025920000)]
  0x0000000020412000 JavaThread "jar transforms Thread 219" [_thread_blocked, id=9656, stack(0x0000000025720000,0x0000000025820000)]
  0x0000000020410800 JavaThread "jar transforms Thread 218" [_thread_blocked, id=14432, stack(0x0000000025620000,0x0000000025720000)]
  0x0000000020410000 JavaThread "jar transforms Thread 217" [_thread_blocked, id=6100, stack(0x0000000025520000,0x0000000025620000)]
  0x000000002040c000 JavaThread "jar transforms Thread 216" [_thread_blocked, id=12916, stack(0x0000000025420000,0x0000000025520000)]
  0x0000000020409000 JavaThread "jar transforms Thread 215" [_thread_blocked, id=15348, stack(0x0000000025320000,0x0000000025420000)]
  0x0000000020407800 JavaThread "jar transforms Thread 214" [_thread_blocked, id=11436, stack(0x0000000025220000,0x0000000025320000)]
  0x0000000020404800 JavaThread "jar transforms Thread 213" [_thread_blocked, id=2600, stack(0x0000000025120000,0x0000000025220000)]
  0x0000000020408800 JavaThread "jar transforms Thread 212" [_thread_blocked, id=8656, stack(0x0000000025020000,0x0000000025120000)]
  0x000000002040b800 JavaThread "jar transforms Thread 211" [_thread_blocked, id=8540, stack(0x0000000024f20000,0x0000000025020000)]
  0x0000000020407000 JavaThread "jar transforms Thread 210" [_thread_blocked, id=11752, stack(0x0000000024e20000,0x0000000024f20000)]
  0x000000002040a800 JavaThread "jar transforms Thread 209" [_thread_blocked, id=11124, stack(0x0000000024d20000,0x0000000024e20000)]
  0x0000000020405800 JavaThread "jar transforms Thread 208" [_thread_blocked, id=14800, stack(0x0000000024c20000,0x0000000024d20000)]
  0x0000000020406000 JavaThread "jar transforms Thread 207" [_thread_blocked, id=14396, stack(0x0000000024b20000,0x0000000024c20000)]
  0x000000002040a000 JavaThread "jar transforms Thread 206" [_thread_blocked, id=14456, stack(0x0000000024a20000,0x0000000024b20000)]
  0x000000001fb78800 JavaThread "jar transforms Thread 205" [_thread_blocked, id=5468, stack(0x0000000024920000,0x0000000024a20000)]
  0x000000001fb7b800 JavaThread "jar transforms Thread 204" [_thread_blocked, id=14984, stack(0x0000000024820000,0x0000000024920000)]
  0x000000001fb7b000 JavaThread "jar transforms Thread 203" [_thread_blocked, id=13020, stack(0x0000000024720000,0x0000000024820000)]
  0x000000001fb7c800 JavaThread "jar transforms Thread 202" [_thread_blocked, id=13344, stack(0x0000000024620000,0x0000000024720000)]
  0x000000001fb7d000 JavaThread "jar transforms Thread 201" [_thread_blocked, id=14952, stack(0x0000000024520000,0x0000000024620000)]
  0x000000001fb7e000 JavaThread "jar transforms Thread 200" [_thread_blocked, id=11176, stack(0x0000000024420000,0x0000000024520000)]
  0x000000001fb7a000 JavaThread "jar transforms Thread 199" [_thread_blocked, id=12920, stack(0x0000000022940000,0x0000000022a40000)]
  0x000000001fb7f800 JavaThread "jar transforms Thread 198" [_thread_blocked, id=7644, stack(0x0000000022040000,0x0000000022140000)]
  0x000000001fb79800 JavaThread "jar transforms Thread 197" [_thread_blocked, id=1572, stack(0x0000000021f40000,0x0000000022040000)]
  0x000000001fb7e800 JavaThread "jar transforms Thread 196" [_thread_blocked, id=13908, stack(0x0000000021e40000,0x0000000021f40000)]
  0x000000001fb71000 JavaThread "jar transforms Thread 195" [_thread_blocked, id=14680, stack(0x0000000021b40000,0x0000000021c40000)]
  0x000000001fb78000 JavaThread "jar transforms Thread 194" [_thread_blocked, id=11792, stack(0x0000000021a40000,0x0000000021b40000)]
  0x000000001fb75800 JavaThread "jar transforms Thread 193" [_thread_blocked, id=4704, stack(0x0000000021940000,0x0000000021a40000)]
  0x000000001fb75000 JavaThread "jar transforms Thread 192" [_thread_blocked, id=12912, stack(0x0000000021840000,0x0000000021940000)]
  0x000000001fb72000 JavaThread "jar transforms Thread 191" [_thread_blocked, id=5556, stack(0x0000000021740000,0x0000000021840000)]
  0x000000001fb77000 JavaThread "jar transforms Thread 190" [_thread_blocked, id=6520, stack(0x0000000021640000,0x0000000021740000)]
  0x000000001fb74000 JavaThread "jar transforms Thread 189" [_thread_blocked, id=11068, stack(0x0000000021540000,0x0000000021640000)]
  0x000000001fb73800 JavaThread "jar transforms Thread 188" [_thread_blocked, id=14440, stack(0x0000000021440000,0x0000000021540000)]
  0x000000001fb70800 JavaThread "jar transforms Thread 187" [_thread_blocked, id=4784, stack(0x0000000021340000,0x0000000021440000)]
  0x000000001e83c800 JavaThread "Build operations Thread 8" [_thread_blocked, id=14912, stack(0x0000000021240000,0x0000000021340000)]
  0x000000001e83b800 JavaThread "Build operations Thread 7" [_thread_blocked, id=13100, stack(0x0000000021140000,0x0000000021240000)]
  0x000000001e83b000 JavaThread "Build operations Thread 6" [_thread_blocked, id=1496, stack(0x0000000021040000,0x0000000021140000)]
  0x000000001e83a000 JavaThread "Build operations Thread 5" [_thread_blocked, id=10732, stack(0x0000000020f40000,0x0000000021040000)]
  0x000000001e839800 JavaThread "Build operations Thread 4" [_thread_blocked, id=10400, stack(0x0000000020e40000,0x0000000020f40000)]
  0x000000001e83e800 JavaThread "Build operations Thread 3" [_thread_blocked, id=1940, stack(0x0000000020d40000,0x0000000020e40000)]
  0x000000001e83e000 JavaThread "Build operations Thread 2" [_thread_blocked, id=1836, stack(0x0000000020c40000,0x0000000020d40000)]
  0x000000001e838800 JavaThread "Build operations" [_thread_blocked, id=11572, stack(0x0000000020b40000,0x0000000020c40000)]
  0x000000001e83d000 JavaThread "Cache worker for Build Output Cleanup Cache (D:\Project Aplikasi\ProjectBerjalan\Mobile\sarpolrescilacap\.gradle\buildOutputCleanup)" [_thread_blocked, id=1380, stack(0x000000001f7d0000,0x000000001f8d0000)]
  0x000000001e831000 JavaThread "Cache worker for cache directory md-rule (C:\Users\djonn\.gradle\caches\6.5\md-rule)" [_thread_blocked, id=5268, stack(0x000000001f6d0000,0x000000001f7d0000)]
  0x000000001e838000 JavaThread "Cache worker for cache directory md-supplier (C:\Users\djonn\.gradle\caches\6.5\md-supplier)" [_thread_blocked, id=6336, stack(0x000000001f5d0000,0x000000001f6d0000)]
  0x000000001e836800 JavaThread "Cache worker for checksums cache (D:\Project Aplikasi\ProjectBerjalan\Mobile\sarpolrescilacap\.gradle\checksums)" [_thread_blocked, id=14604, stack(0x000000001f4d0000,0x000000001f5d0000)]
  0x000000001e835800 JavaThread "Cache worker for file hash cache (D:\Project Aplikasi\ProjectBerjalan\Mobile\sarpolrescilacap\.gradle\6.5\fileHashes)" [_thread_blocked, id=11776, stack(0x000000001cd30000,0x000000001ce30000)]
  0x000000001e835000 JavaThread "Thread-256" [_thread_blocked, id=4108, stack(0x000000001ca30000,0x000000001cb30000)]
  0x000000001e834000 JavaThread "Stdin handler" [_thread_blocked, id=7660, stack(0x000000001c830000,0x000000001c930000)]
  0x000000001e833800 JavaThread "Asynchronous log dispatcher for DefaultDaemonConnection: socket connection from /127.0.0.1:56409 to /127.0.0.1:57421" [_thread_blocked, id=15132, stack(0x000000001bff0000,0x000000001c0f0000)]
  0x000000001e832000 JavaThread "Daemon worker Thread 3" [_thread_blocked, id=13672, stack(0x000000001bef0000,0x000000001bff0000)]
  0x000000001e837000 JavaThread "Cancel handler" [_thread_blocked, id=9144, stack(0x0000000000a80000,0x0000000000b80000)]
  0x000000001e82f800 JavaThread "Handler for socket connection from /127.0.0.1:56409 to /127.0.0.1:57421" [_thread_in_native, id=2496, stack(0x0000000000980000,0x0000000000a80000)]
  0x000000001e832800 JavaThread "Daemon Thread 3" [_thread_blocked, id=1376, stack(0x0000000000880000,0x0000000000980000)]
  0x0000000019b58800 JavaThread "Memory manager" [_thread_blocked, id=5716, stack(0x000000002a220000,0x000000002a320000)]
  0x000000002040e800 JavaThread "Cache worker for file content cache (C:\Users\djonn\.gradle\caches\6.5\fileContent)" [_thread_blocked, id=13348, stack(0x0000000022840000,0x0000000022940000)]
  0x0000000020411800 JavaThread "Cache worker for execution history cache (C:\Users\djonn\.gradle\caches\6.5\executionHistory)" [_thread_blocked, id=12656, stack(0x0000000022340000,0x0000000022440000)]
  0x000000001ad85000 JavaThread "Cache worker for file hash cache (C:\Users\djonn\.gradle\caches\6.5\fileHashes)" [_thread_blocked, id=14908, stack(0x000000001d230000,0x000000001d330000)]
  0x000000001ad83800 JavaThread "File lock request listener" [_thread_in_native, id=14544, stack(0x000000001d130000,0x000000001d230000)]
  0x00000000192e5000 JavaThread "Cache worker for journal cache (C:\Users\djonn\.gradle\caches\journal-1)" [_thread_blocked, id=5168, stack(0x000000001d030000,0x000000001d130000)]
  0x000000001a8dc800 JavaThread "Daemon periodic checks" [_thread_in_native, id=3108, stack(0x000000001c330000,0x000000001c430000)]
  0x000000001acc8800 JavaThread "Incoming local TCP Connector on port 56409" [_thread_in_native, id=3340, stack(0x000000001c0f0000,0x000000001c1f0000)]
  0x000000001abf8000 JavaThread "Daemon health stats" [_thread_blocked, id=15200, stack(0x000000001bab0000,0x000000001bbb0000)]
  0x00000000182e0800 JavaThread "Service Thread" daemon [_thread_blocked, id=8592, stack(0x0000000018f10000,0x0000000019010000)]
  0x000000001825a800 JavaThread "C1 CompilerThread3" daemon [_thread_blocked, id=2400, stack(0x0000000018e10000,0x0000000018f10000)]
=>0x0000000018254000 JavaThread "C2 CompilerThread2" daemon [_thread_in_native, id=1272, stack(0x0000000018d10000,0x0000000018e10000)]
  0x0000000018249000 JavaThread "C2 CompilerThread1" daemon [_thread_blocked, id=11696, stack(0x0000000018c10000,0x0000000018d10000)]
  0x000000001643d800 JavaThread "C2 CompilerThread0" daemon [_thread_blocked, id=11292, stack(0x0000000018b10000,0x0000000018c10000)]
  0x0000000018246800 JavaThread "Attach Listener" daemon [_thread_blocked, id=11404, stack(0x0000000018a10000,0x0000000018b10000)]
  0x0000000018245800 JavaThread "Signal Dispatcher" daemon [_thread_blocked, id=9824, stack(0x0000000018910000,0x0000000018a10000)]
  0x000000000266c800 JavaThread "Finalizer" daemon [_thread_blocked, id=13788, stack(0x0000000018710000,0x0000000018810000)]
  0x0000000018230800 JavaThread "Reference Handler" daemon [_thread_blocked, id=8548, stack(0x0000000018610000,0x0000000018710000)]
  0x000000000256e800 JavaThread "main" [_thread_blocked, id=4792, stack(0x0000000002440000,0x0000000002540000)]

Other Threads:
  0x0000000016428000 VMThread [stack: 0x0000000018110000,0x0000000018210000] [id=14120]
  0x00000000182e1800 WatcherThread [stack: 0x0000000019010000,0x0000000019110000] [id=7664]

VM state:not at safepoint (normal execution)

VM Mutex/Monitor currently owned by a thread: None

heap address: 0x00000000a0000000, size: 1536 MB, Compressed Oops mode: 32-bit
Narrow klass base: 0x0000000000000000, Narrow klass shift: 3
Compressed class space size: 1073741824 Address: 0x0000000100000000

Heap:
 PSYoungGen      total 385536K, used 99360K [0x00000000e0000000, 0x0000000100000000, 0x0000000100000000)
  eden space 315392K, 9% used [0x00000000e0000000,0x00000000e1c89750,0x00000000f3400000)
  from space 70144K, 99% used [0x00000000f3400000,0x00000000f787ebc0,0x00000000f7880000)
  to   space 91136K, 0% used [0x00000000fa700000,0x00000000fa700000,0x0000000100000000)
 ParOldGen       total 200192K, used 111752K [0x00000000a0000000, 0x00000000ac380000, 0x00000000e0000000)
  object space 200192K, 55% used [0x00000000a0000000,0x00000000a6d220b8,0x00000000ac380000)
 Metaspace       used 139008K, capacity 144826K, committed 145112K, reserved 1175552K
  class space    used 18147K, capacity 19410K, committed 19456K, reserved 1048576K

Card table byte_map: [0x0000000011a30000,0x0000000011d40000] byte_map_base: 0x0000000011530000

Marking Bits: (ParMarkBitMap*) 0x000000005537f030
 Begin Bits: [0x0000000012740000, 0x0000000013f40000)
 End Bits:   [0x0000000013f40000, 0x0000000015740000)

Polling page: 0x00000000023e0000

CodeCache: size=245760Kb used=55619Kb max_used=57350Kb free=190140Kb
 bounds [0x0000000002670000, 0x0000000005ec0000, 0x0000000011670000]
 total_blobs=16182 nmethods=15180 adapters=914
 compilation: enabled

Compilation events (10 events):
Event: 2985.968 Thread 0x000000001825a800 nmethod 18850 0x0000000005bfa390 code [0x0000000005bfa500, 0x0000000005bfa858]
Event: 2986.435 Thread 0x0000000018249000 18851       4       sun.management.ManagementFactoryHelper::getMemoryPoolMXBeans (51 bytes)
Event: 2986.444 Thread 0x0000000018249000 nmethod 18851 0x00000000059df4d0 code [0x00000000059df660, 0x00000000059dfdf8]
Event: 2986.873 Thread 0x0000000018254000 18852   !   4       java.util.concurrent.LinkedBlockingQueue::poll (134 bytes)
Event: 2986.919 Thread 0x0000000018254000 nmethod 18852 0x000000000599a950 code [0x000000000599ac60, 0x000000000599cf88]
Event: 2986.951 Thread 0x0000000018249000 18854   !   4       org.gradle.launcher.daemon.server.exec.DaemonConnectionBackedEventConsumer$ForwardEvents::getNextEvent (27 bytes)
Event: 2986.969 Thread 0x0000000018249000 nmethod 18854 0x0000000005bea810 code [0x0000000005bea960, 0x0000000005beaa68]
Event: 2987.213 Thread 0x000000001643d800 18853       4       org.gradle.launcher.daemon.server.exec.DaemonConnectionBackedEventConsumer$ForwardEvents::moreMessagesToSend (35 bytes)
Event: 2987.219 Thread 0x000000001643d800 nmethod 18853 0x0000000005beefd0 code [0x0000000005bef120, 0x0000000005bef228]
Event: 2988.259 Thread 0x0000000018254000 18855       4       org.gradle.launcher.daemon.server.health.gc.GarbageCollectionCheck::run (198 bytes)

GC Heap History (10 events):
Event: 2940.939 GC heap before
{Heap before GC invocations=27 (full 4):
 PSYoungGen      total 288768K, used 288762K [0x00000000e0000000, 0x00000000f6880000, 0x0000000100000000)
  eden space 248320K, 100% used [0x00000000e0000000,0x00000000ef280000,0x00000000ef280000)
  from space 40448K, 99% used [0x00000000f2480000,0x00000000f4bfeba0,0x00000000f4c00000)
  to   space 51200K, 0% used [0x00000000ef280000,0x00000000ef280000,0x00000000f2480000)
 ParOldGen       total 200192K, used 62650K [0x00000000a0000000, 0x00000000ac380000, 0x00000000e0000000)
  object space 200192K, 31% used [0x00000000a0000000,0x00000000a3d2eaa8,0x00000000ac380000)
 Metaspace       used 118045K, capacity 123290K, committed 123864K, reserved 1157120K
  class space    used 15396K, capacity 16506K, committed 16640K, reserved 1048576K
Event: 2940.984 GC heap after
Heap after GC invocations=27 (full 4):
 PSYoungGen      total 299520K, used 43961K [0x00000000e0000000, 0x00000000f8980000, 0x0000000100000000)
  eden space 248320K, 0% used [0x00000000e0000000,0x00000000e0000000,0x00000000ef280000)
  from space 51200K, 85% used [0x00000000ef280000,0x00000000f1d6e578,0x00000000f2480000)
  to   space 56320K, 0% used [0x00000000f5280000,0x00000000f5280000,0x00000000f8980000)
 ParOldGen       total 200192K, used 62658K [0x00000000a0000000, 0x00000000ac380000, 0x00000000e0000000)
  object space 200192K, 31% used [0x00000000a0000000,0x00000000a3d30aa8,0x00000000ac380000)
 Metaspace       used 118045K, capacity 123290K, committed 123864K, reserved 1157120K
  class space    used 15396K, capacity 16506K, committed 16640K, reserved 1048576K
}
Event: 2945.637 GC heap before
{Heap before GC invocations=28 (full 4):
 PSYoungGen      total 299520K, used 292281K [0x00000000e0000000, 0x00000000f8980000, 0x0000000100000000)
  eden space 248320K, 100% used [0x00000000e0000000,0x00000000ef280000,0x00000000ef280000)
  from space 51200K, 85% used [0x00000000ef280000,0x00000000f1d6e578,0x00000000f2480000)
  to   space 56320K, 0% used [0x00000000f5280000,0x00000000f5280000,0x00000000f8980000)
 ParOldGen       total 200192K, used 62658K [0x00000000a0000000, 0x00000000ac380000, 0x00000000e0000000)
  object space 200192K, 31% used [0x00000000a0000000,0x00000000a3d30aa8,0x00000000ac380000)
 Metaspace       used 133243K, capacity 138898K, committed 139096K, reserved 1169408K
  class space    used 17535K, capacity 18766K, committed 18816K, reserved 1048576K
Event: 2945.738 GC heap after
Heap after GC invocations=28 (full 4):
 PSYoungGen      total 335360K, used 56290K [0x00000000e0000000, 0x00000000fa080000, 0x0000000100000000)
  eden space 279040K, 0% used [0x00000000e0000000,0x00000000e0000000,0x00000000f1080000)
  from space 56320K, 99% used [0x00000000f5280000,0x00000000f8978b60,0x00000000f8980000)
  to   space 67584K, 0% used [0x00000000f1080000,0x00000000f1080000,0x00000000f5280000)
 ParOldGen       total 200192K, used 70627K [0x00000000a0000000, 0x00000000ac380000, 0x00000000e0000000)
  object space 200192K, 35% used [0x00000000a0000000,0x00000000a44f8d58,0x00000000ac380000)
 Metaspace       used 133243K, capacity 138898K, committed 139096K, reserved 1169408K
  class space    used 17535K, capacity 18766K, committed 18816K, reserved 1048576K
}
Event: 2949.233 GC heap before
{Heap before GC invocations=29 (full 4):
 PSYoungGen      total 335360K, used 335330K [0x00000000e0000000, 0x00000000fa080000, 0x0000000100000000)
  eden space 279040K, 100% used [0x00000000e0000000,0x00000000f1080000,0x00000000f1080000)
  from space 56320K, 99% used [0x00000000f5280000,0x00000000f8978b60,0x00000000f8980000)
  to   space 67584K, 0% used [0x00000000f1080000,0x00000000f1080000,0x00000000f5280000)
 ParOldGen       total 200192K, used 70627K [0x00000000a0000000, 0x00000000ac380000, 0x00000000e0000000)
  object space 200192K, 35% used [0x00000000a0000000,0x00000000a44f8d58,0x00000000ac380000)
 Metaspace       used 133925K, capacity 139570K, committed 139864K, reserved 1171456K
  class space    used 17579K, capacity 18798K, committed 18816K, reserved 1048576K
Event: 2949.311 GC heap after
Heap after GC invocations=29 (full 4):
 PSYoungGen      total 346624K, used 43740K [0x00000000e0000000, 0x00000000fbd00000, 0x0000000100000000)
  eden space 279040K, 0% used [0x00000000e0000000,0x00000000e0000000,0x00000000f1080000)
  from space 67584K, 64% used [0x00000000f1080000,0x00000000f3b371c0,0x00000000f5280000)
  to   space 69632K, 0% used [0x00000000f7900000,0x00000000f7900000,0x00000000fbd00000)
 ParOldGen       total 200192K, used 83897K [0x00000000a0000000, 0x00000000ac380000, 0x00000000e0000000)
  object space 200192K, 41% used [0x00000000a0000000,0x00000000a51ee668,0x00000000ac380000)
 Metaspace       used 133925K, capacity 139570K, committed 139864K, reserved 1171456K
  class space    used 17579K, capacity 18798K, committed 18816K, reserved 1048576K
}
Event: 2952.395 GC heap before
{Heap before GC invocations=30 (full 4):
 PSYoungGen      total 346624K, used 321595K [0x00000000e0000000, 0x00000000fbd00000, 0x0000000100000000)
  eden space 279040K, 99% used [0x00000000e0000000,0x00000000f0f57c00,0x00000000f1080000)
  from space 67584K, 64% used [0x00000000f1080000,0x00000000f3b371c0,0x00000000f5280000)
  to   space 69632K, 0% used [0x00000000f7900000,0x00000000f7900000,0x00000000fbd00000)
 ParOldGen       total 200192K, used 83897K [0x00000000a0000000, 0x00000000ac380000, 0x00000000e0000000)
  object space 200192K, 41% used [0x00000000a0000000,0x00000000a51ee668,0x00000000ac380000)
 Metaspace       used 134584K, capacity 140316K, committed 140504K, reserved 1171456K
  class space    used 17681K, capacity 18923K, committed 18944K, reserved 1048576K
Event: 2952.445 GC heap after
Heap after GC invocations=30 (full 4):
 PSYoungGen      total 385024K, used 43159K [0x00000000e0000000, 0x00000000fbd00000, 0x0000000100000000)
  eden space 315392K, 0% used [0x00000000e0000000,0x00000000e0000000,0x00000000f3400000)
  from space 69632K, 61% used [0x00000000f7900000,0x00000000fa325f08,0x00000000fbd00000)
  to   space 70144K, 0% used [0x00000000f3400000,0x00000000f3400000,0x00000000f7880000)
 ParOldGen       total 200192K, used 83905K [0x00000000a0000000, 0x00000000ac380000, 0x00000000e0000000)
  object space 200192K, 41% used [0x00000000a0000000,0x00000000a51f0668,0x00000000ac380000)
 Metaspace       used 134584K, capacity 140316K, committed 140504K, reserved 1171456K
  class space    used 17681K, capacity 18923K, committed 18944K, reserved 1048576K
}
Event: 2959.548 GC heap before
{Heap before GC invocations=31 (full 4):
 PSYoungGen      total 385024K, used 358551K [0x00000000e0000000, 0x00000000fbd00000, 0x0000000100000000)
  eden space 315392K, 100% used [0x00000000e0000000,0x00000000f3400000,0x00000000f3400000)
  from space 69632K, 61% used [0x00000000f7900000,0x00000000fa325f08,0x00000000fbd00000)
  to   space 70144K, 0% used [0x00000000f3400000,0x00000000f3400000,0x00000000f7880000)
 ParOldGen       total 200192K, used 83905K [0x00000000a0000000, 0x00000000ac380000, 0x00000000e0000000)
  object space 200192K, 41% used [0x00000000a0000000,0x00000000a51f0668,0x00000000ac380000)
 Metaspace       used 138575K, capacity 144452K, committed 144600K, reserved 1175552K
  class space    used 18095K, capacity 19363K, committed 19456K, reserved 1048576K
Event: 2959.652 GC heap after
Heap after GC invocations=31 (full 4):
 PSYoungGen      total 385536K, used 70138K [0x00000000e0000000, 0x0000000100000000, 0x0000000100000000)
  eden space 315392K, 0% used [0x00000000e0000000,0x00000000e0000000,0x00000000f3400000)
  from space 70144K, 99% used [0x00000000f3400000,0x00000000f787ebc0,0x00000000f7880000)
  to   space 91136K, 0% used [0x00000000fa700000,0x00000000fa700000,0x0000000100000000)
 ParOldGen       total 200192K, used 111752K [0x00000000a0000000, 0x00000000ac380000, 0x00000000e0000000)
  object space 200192K, 55% used [0x00000000a0000000,0x00000000a6d220b8,0x00000000ac380000)
 Metaspace       used 138575K, capacity 144452K, committed 144600K, reserved 1175552K
  class space    used 18095K, capacity 19363K, committed 19456K, reserved 1048576K
}

Deoptimization events (10 events):
Event: 2963.376 Thread 0x000000001d966800 Uncommon trap: reason=bimorphic action=maybe_recompile pc=0x00000000058fe3d4 method=org.gradle.internal.fingerprint.impl.DefaultFileSystemLocationFingerprint.<init>(Ljava/lang/String;Lorg/gradle/internal/snapshot/CompleteFileSystemLocationSnapshot;)V @ 3
Event: 2965.318 Thread 0x000000001d966800 Uncommon trap: reason=bimorphic action=maybe_recompile pc=0x0000000004f1e650 method=org.gradle.internal.snapshot.SnapshotUtil.getSnapshotFromChild(Lorg/gradle/internal/snapshot/FileSystemNode;Lorg/gradle/internal/snapshot/VfsRelativePath;Lorg/gradle/inter
Event: 2965.599 Thread 0x000000001d966800 Uncommon trap: reason=bimorphic action=maybe_recompile pc=0x0000000004f1e650 method=org.gradle.internal.snapshot.SnapshotUtil.getSnapshotFromChild(Lorg/gradle/internal/snapshot/FileSystemNode;Lorg/gradle/internal/snapshot/VfsRelativePath;Lorg/gradle/inter
Event: 2965.803 Thread 0x000000001d966800 Uncommon trap: reason=bimorphic action=maybe_recompile pc=0x0000000004d682e4 method=org.gradle.internal.snapshot.SnapshotUtil.storeSingleChild(Lorg/gradle/internal/snapshot/FileSystemNode;Lorg/gradle/internal/snapshot/VfsRelativePath;Lorg/gradle/internal/
Event: 2965.803 Thread 0x000000001d966800 Uncommon trap: reason=class_check action=maybe_recompile pc=0x0000000004d679a8 method=org.gradle.internal.snapshot.SnapshotUtil$1.handleDescendant()Lorg/gradle/internal/snapshot/FileSystemNode; @ 12
Event: 2965.803 Thread 0x000000001d966800 Uncommon trap: reason=speculate_class_check action=maybe_recompile pc=0x000000000586bc3c method=org.gradle.internal.snapshot.AbstractIncompleteSnapshotWithChildren.withReplacedChild(ILorg/gradle/internal/snapshot/FileSystemNode;Lorg/gradle/internal/snapsh
Event: 2965.837 Thread 0x000000001d966800 Uncommon trap: reason=unstable_if action=reinterpret pc=0x0000000005909104 method=org.gradle.internal.fingerprint.impl.RelativePathFingerprintingStrategy$1.visitFile(Lorg/gradle/internal/snapshot/CompleteFileSystemLocationSnapshot;)V @ 25
Event: 2966.450 Thread 0x000000001d966800 Uncommon trap: reason=unstable_if action=reinterpret pc=0x0000000005869f30 method=com.google.common.collect.ImmutableMultimap$1.hasNext()Z @ 9
Event: 2966.450 Thread 0x000000001d966800 Uncommon trap: reason=unstable_if action=reinterpret pc=0x0000000004c50b18 method=com.google.common.collect.ImmutableMultimap$1.next()Ljava/util/Map$Entry; @ 9
Event: 2966.487 Thread 0x000000001d966800 Uncommon trap: reason=unstable_if action=reinterpret pc=0x00000000059ed898 method=com.google.common.collect.ImmutableMultimap$1.next()Ljava/util/Map$Entry; @ 9

Classes redefined (0 events):
No events

Internal exceptions (10 events):
Event: 2958.445 Thread 0x000000001d962000 Implicit null exception at 0x0000000005c5b9af to 0x0000000005c5c009
Event: 2958.640 Thread 0x000000001d962000 Implicit null exception at 0x0000000005db3dc3 to 0x0000000005db6145
Event: 2958.640 Thread 0x000000001d962000 Implicit null exception at 0x0000000005dba23b to 0x0000000005dba8a1
Event: 2958.641 Thread 0x000000001e2b6000 Exception <a 'java/io/FileNotFoundException'> (0x00000000ed973fc0) thrown at [C:\src\AOSP-openjdk-git\hotspot\src\share\vm\prims\jni.cpp, line 710]
Event: 2958.728 Thread 0x000000001e2bb000 Exception <a 'java/io/FileNotFoundException'> (0x00000000eec02e00) thrown at [C:\src\AOSP-openjdk-git\hotspot\src\share\vm\prims\jni.cpp, line 710]
Event: 2959.332 Thread 0x000000001d962000 Implicit null exception at 0x0000000005c5aeb2 to 0x0000000005c5b237
Event: 2959.442 Thread 0x000000001d962000 Exception <a 'java/lang/NoSuchMethodError': <clinit>> (0x00000000f276c9e0) thrown at [C:\src\AOSP-openjdk-git\hotspot\src\share\vm\prims\jni.cpp, line 1615]
Event: 2959.443 Thread 0x000000001d962000 Exception <a 'java/lang/NoSuchMethodError': <clinit>> (0x00000000f277ce18) thrown at [C:\src\AOSP-openjdk-git\hotspot\src\share\vm\prims\jni.cpp, line 1615]
Event: 2959.444 Thread 0x000000001d962000 Exception <a 'java/lang/NoSuchMethodError': <clinit>> (0x00000000f2790678) thrown at [C:\src\AOSP-openjdk-git\hotspot\src\share\vm\prims\jni.cpp, line 1615]
Event: 2963.222 Thread 0x000000001d966800 Exception <a 'java/lang/NoSuchMethodError': <clinit>> (0x00000000e0d6d650) thrown at [C:\src\AOSP-openjdk-git\hotspot\src\share\vm\prims\jni.cpp, line 1615]

Events (10 events):
Event: 2987.825 loading class com/android/manifmerger/MergingReport$MergedManifestKind
Event: 2987.825 loading class com/android/manifmerger/MergingReport$MergedManifestKind done
Event: 2987.826 loading class com/android/manifmerger/ActionRecorder
Event: 2987.826 loading class com/android/manifmerger/ActionRecorder done
Event: 2987.827 loading class com/android/manifmerger/ManifestMerger2$SelectorResolver
Event: 2987.827 loading class com/android/manifmerger/ManifestMerger2$SelectorResolver done
Event: 2987.856 loading class com/android/manifmerger/XmlLoader
Event: 2987.856 loading class com/android/manifmerger/XmlLoader done
Event: 2988.611 loading class com/android/manifmerger/XmlDocument
Event: 2988.611 loading class com/android/manifmerger/XmlDocument done


Dynamic libraries:
0x00007ff64b410000 - 0x00007ff64b441000 	C:\Program Files\Android\Android Studio1\jre\bin\java.exe
0x00007ff9e6ff0000 - 0x00007ff9e71e6000 	C:\WINDOWS\SYSTEM32\ntdll.dll
0x00007ff9e5c90000 - 0x00007ff9e5d4d000 	C:\WINDOWS\System32\KERNEL32.DLL
0x00007ff9e4830000 - 0x00007ff9e4af9000 	C:\WINDOWS\System32\KERNELBASE.dll
0x00007ff9e5df0000 - 0x00007ff9e5e9c000 	C:\WINDOWS\System32\ADVAPI32.dll
0x00007ff9e6dc0000 - 0x00007ff9e6e5e000 	C:\WINDOWS\System32\msvcrt.dll
0x00007ff9e5210000 - 0x00007ff9e52ac000 	C:\WINDOWS\System32\sechost.dll
0x00007ff9e5910000 - 0x00007ff9e5a3b000 	C:\WINDOWS\System32\RPCRT4.dll
0x00007ff9e5f20000 - 0x00007ff9e60c0000 	C:\WINDOWS\System32\USER32.dll
0x00007ff9e4d00000 - 0x00007ff9e4d22000 	C:\WINDOWS\System32\win32u.dll
0x00007ff9e5050000 - 0x00007ff9e507a000 	C:\WINDOWS\System32\GDI32.dll
0x00007ff9e4d30000 - 0x00007ff9e4e3b000 	C:\WINDOWS\System32\gdi32full.dll
0x00007ff9e4790000 - 0x00007ff9e482d000 	C:\WINDOWS\System32\msvcp_win.dll
0x00007ff9e4bd0000 - 0x00007ff9e4cd0000 	C:\WINDOWS\System32\ucrtbase.dll
0x00007ff9d3e80000 - 0x00007ff9d411b000 	C:\WINDOWS\WinSxS\amd64_microsoft.windows.common-controls_6595b64144ccf1df_6.0.19041.746_none_ca02b4b61b8320a4\COMCTL32.dll
0x00007ff9e6e60000 - 0x00007ff9e6e90000 	C:\WINDOWS\System32\IMM32.DLL
0x0000000053d70000 - 0x0000000053e42000 	C:\Program Files\Android\Android Studio1\jre\jre\bin\msvcr100.dll
0x0000000054bb0000 - 0x00000000553fb000 	C:\Program Files\Android\Android Studio1\jre\jre\bin\server\jvm.dll
0x00007ff9e5d50000 - 0x00007ff9e5d58000 	C:\WINDOWS\System32\PSAPI.DLL
0x00007ff9d71b0000 - 0x00007ff9d71ba000 	C:\WINDOWS\SYSTEM32\VERSION.dll
0x00007ff9de560000 - 0x00007ff9de569000 	C:\WINDOWS\SYSTEM32\WSOCK32.dll
0x00007ff9d4310000 - 0x00007ff9d4337000 	C:\WINDOWS\SYSTEM32\WINMM.dll
0x00007ff9e5a40000 - 0x00007ff9e5aab000 	C:\WINDOWS\System32\WS2_32.dll
0x00007ff9cc6b0000 - 0x00007ff9cc6bf000 	C:\Program Files\Android\Android Studio1\jre\jre\bin\verify.dll
0x00007ff9bed00000 - 0x00007ff9bed29000 	C:\Program Files\Android\Android Studio1\jre\jre\bin\java.dll
0x00007ff9cb150000 - 0x00007ff9cb166000 	C:\Program Files\Android\Android Studio1\jre\jre\bin\zip.dll
0x00007ff9e6670000 - 0x00007ff9e6db2000 	C:\WINDOWS\System32\SHELL32.dll
0x00007ff9e2880000 - 0x00007ff9e3010000 	C:\WINDOWS\SYSTEM32\windows.storage.dll
0x00007ff9e55b0000 - 0x00007ff9e5906000 	C:\WINDOWS\System32\combase.dll
0x00007ff9e4190000 - 0x00007ff9e41bc000 	C:\WINDOWS\SYSTEM32\Wldp.dll
0x00007ff9e6f00000 - 0x00007ff9e6fae000 	C:\WINDOWS\System32\SHCORE.dll
0x00007ff9e51b0000 - 0x00007ff9e5205000 	C:\WINDOWS\System32\shlwapi.dll
0x00007ff9e4660000 - 0x00007ff9e4686000 	C:\WINDOWS\SYSTEM32\profapi.dll
0x00007ff9c61b0000 - 0x00007ff9c61ca000 	C:\Program Files\Android\Android Studio1\jre\jre\bin\net.dll
0x00007ff9e3f10000 - 0x00007ff9e3f7a000 	C:\WINDOWS\system32\mswsock.dll
0x00007ff9beb60000 - 0x00007ff9beb73000 	C:\Program Files\Android\Android Studio1\jre\jre\bin\nio.dll
0x00007ff9e04a0000 - 0x00007ff9e04c7000 	C:\Users\djonn\.gradle\native\f6784746aeab05261644944871eae4fe03e0ef1612fff0a4a95f87b438bc6780\windows-amd64\native-platform.dll
0x00007ff9cc450000 - 0x00007ff9cc45d000 	C:\Program Files\Android\Android Studio1\jre\jre\bin\management.dll
0x00007ff9e40f0000 - 0x00007ff9e4108000 	C:\WINDOWS\SYSTEM32\CRYPTSP.dll
0x00007ff9e3840000 - 0x00007ff9e3874000 	C:\WINDOWS\system32\rsaenh.dll
0x00007ff9e4cd0000 - 0x00007ff9e4cf7000 	C:\WINDOWS\System32\bcrypt.dll
0x00007ff9e4620000 - 0x00007ff9e464e000 	C:\WINDOWS\SYSTEM32\USERENV.dll
0x00007ff9e4b00000 - 0x00007ff9e4b80000 	C:\WINDOWS\System32\bcryptprimitives.dll
0x00007ff9e40e0000 - 0x00007ff9e40ec000 	C:\WINDOWS\SYSTEM32\CRYPTBASE.dll
0x00007ff9e3bb0000 - 0x00007ff9e3beb000 	C:\WINDOWS\SYSTEM32\IPHLPAPI.DLL
0x00007ff9e5ad0000 - 0x00007ff9e5ad8000 	C:\WINDOWS\System32\NSI.dll
0x00007ff9dd180000 - 0x00007ff9dd197000 	C:\WINDOWS\SYSTEM32\dhcpcsvc6.DLL
0x00007ff9dd160000 - 0x00007ff9dd17d000 	C:\WINDOWS\SYSTEM32\dhcpcsvc.DLL
0x00007ff9e3c00000 - 0x00007ff9e3ccb000 	C:\WINDOWS\SYSTEM32\DNSAPI.dll
0x00007ff9dd670000 - 0x00007ff9dd67b000 	C:\WINDOWS\SYSTEM32\WINNSI.DLL
0x00007ff9be1d0000 - 0x00007ff9be1f4000 	C:\Program Files\Android\Android Studio1\jre\jre\bin\sunec.dll
0x00007ff9d5090000 - 0x00007ff9d509a000 	C:\Windows\System32\rasadhlp.dll
0x00007ff9d4c20000 - 0x00007ff9d4c9f000 	C:\WINDOWS\System32\fwpuclnt.dll
0x00007ff9dc580000 - 0x00007ff9dc58b000 	C:\Program Files\Android\Android Studio1\jre\jre\bin\sunmscapi.dll
0x00007ff9e4ef0000 - 0x00007ff9e5046000 	C:\WINDOWS\System32\CRYPT32.dll
0x00007ff9e3470000 - 0x00007ff9e34a3000 	C:\WINDOWS\SYSTEM32\ntmarta.dll
0x00007ff9b37a0000 - 0x00007ff9b393c000 	C:\Program Files\Android\Android Studio1\jre\jre\bin\awt.dll
0x00007ff9e5080000 - 0x00007ff9e514d000 	C:\WINDOWS\System32\OLEAUT32.dll
0x00007ff9e2570000 - 0x00007ff9e259f000 	C:\WINDOWS\SYSTEM32\dwmapi.dll
0x00007ff9e0f30000 - 0x00007ff9e14f0000 	C:\WINDOWS\SYSTEM32\d2d1.dll
0x00007ff9e1ff0000 - 0x00007ff9e2080000 	C:\WINDOWS\SYSTEM32\apphelp.dll
0x00007ff9e21c0000 - 0x00007ff9e225e000 	C:\WINDOWS\system32\uxtheme.dll

VM Arguments:
jvm_args: -Xmx1536m -Dfile.encoding=windows-1252 -Duser.country=US -Duser.language=en -Duser.variant 
java_command: org.gradle.launcher.daemon.bootstrap.GradleDaemon 6.5
java_class_path (initial): C:\Users\djonn\.gradle\wrapper\dists\gradle-6.5-all\2oz4ud9k3tuxjg84bbf55q0tn\gradle-6.5\lib\gradle-launcher-6.5.jar
Launcher Type: SUN_STANDARD

Environment Variables:
PATH=C:\Program Files (x86)\Common Files\Intel\Shared Libraries\redist\intel64\compiler;C:\Program Files\Common Files\Oracle\Java\javapath;C:\Program Files (x86)\Common Files\Oracle\Java\javapath;C:\WINDOWS\system32;C:\WINDOWS;C:\WINDOWS\System32\Wbem;C:\WINDOWS\System32\WindowsPowerShell\v1.0\;C:\Program Files\Java\jdk-11.0.9\bin;C:\Program Files\Git\cmd;C:\WINDOWS\System32\OpenSSH\;D:\APLIKASI\bangjago-android-emulator-main;D:\Xampp\php;C:\Users\djonn\AppData\Local\Programs\Python\Python39\Scripts\;C:\Users\djonn\AppData\Local\Programs\Python\Python39\;C:\Users\djonn\AppData\Local\Microsoft\WindowsApps;C:\Users\djonn\AppData\Local\GitHubDesktop\bin;C:\Users\djonn\AppData\Roaming\npm;C:\Users\djonn\AppData\Local\Programs\Microsoft VS Code\bin;C:\Users\djonn\.dotnet\tools;C:\adb;C:\Program Files\PuTTY\;C:\Users\djonn\AppData\Local\Programs\Python\Python39\Scripts\;C:\Users\djonn\AppData\Local\Programs\Python\Python39\;C:\Users\djonn\AppData\Local\Microsoft\WindowsApps;C:\Users\djonn\AppData\Local\GitHubDesktop\bin;C:\Users\djonn\AppData\Local\Programs\Microsoft VS Code\bin;D:\Project Aplikasi\data\flutter\bin;
USERNAME=djonn
OS=Windows_NT
PROCESSOR_IDENTIFIER=Intel64 Family 6 Model 158 Stepping 9, GenuineIntel



---------------  S Y S T E M  ---------------

OS: Windows 10.0 , 64 bit Build 19041 (10.0.19041.804)

CPU:total 8 (initial active 8) (4 cores per cpu, 2 threads per core) family 6 model 158 stepping 9, cmov, cx8, fxsr, mmx, sse, sse2, sse3, ssse3, sse4.1, sse4.2, popcnt, avx, avx2, aes, clmul, erms, 3dnowpref, lzcnt, ht, tsc, tscinvbit, bmi1, bmi2, adx

Memory: 4k page, physical 8270668k(367064k free), swap 15619580k(2696k free)

vm_info: OpenJDK 64-Bit Server VM (25.242-b01) for windows-amd64 JRE (1.8.0_242-release-1644-b01), built by "builder" with MS VC++ 10.0 (VS2010)

time: Tue Mar 02 07:06:41 2021
timezone: SE Asia Standard Time
elapsed time: 2992 seconds (0d 0h 49m 52s)

